<?xml version="1.0" encoding="UTF-8"?>
<!-- Generated by org.testng.reporters.JUnitReportReporter -->
<testsuite hostname="DESKTOP-JC970GR" failures="0" tests="1" name="test.LoginTest" time="5.346" errors="0" timestamp="26 May 2021 00:02:23 GMT" skipped="0">
  <testcase classname="test.LoginTest" name="LoginTest" time="5.346"/>
</testsuite> <!-- test.LoginTest -->
